[0m01:04:06.908341 [debug] [MainThread]: Sending event: {'category': 'dbt', 'action': 'invocation', 'label': 'start', 'context': [<snowplow_tracker.self_describing_json.SelfDescribingJson object at 0x7e0ec3bed210>, <snowplow_tracker.self_describing_json.SelfDescribingJson object at 0x7e0ec0d13550>, <snowplow_tracker.self_describing_json.SelfDescribingJson object at 0x7e0ec0cab250>]}


============================== 01:04:06.917027 | af7abe79-c6f8-4fde-afd3-4911943c3e47 ==============================
[0m01:04:06.917027 [info ] [MainThread]: Running with dbt=1.11.7
[0m01:04:06.917870 [debug] [MainThread]: running dbt with arguments {'warn_error': 'None', 'write_json': 'True', 'log_format': 'default', 'printer_width': '80', 'warn_error_options': 'WarnErrorOptionsV2(error=[], warn=[], silence=[])', 'cache_selected_only': 'False', 'log_path': 'logs', 'log_cache_events': 'False', 'use_colors': 'True', 'debug': 'False', 'no_print': 'None', 'empty': 'None', 'partial_parse': 'True', 'version_check': 'True', 'quiet': 'False', 'invocation_command': 'dbt init projeto_censo_eleicoes', 'static_parser': 'True', 'indirect_selection': 'eager', 'target_path': 'None', 'fail_fast': 'False', 'send_anonymous_usage_stats': 'True', 'profiles_dir': '/workspaces/ProjetoCensoEleicoesBR', 'use_experimental_parser': 'False', 'introspect': 'True'}
[0m01:04:06.939175 [debug] [MainThread]: Starter project path: /home/vscode/.local/lib/python3.11/site-packages/dbt/include/starter_project
[0m01:04:06.955308 [info ] [MainThread]: 
Your new dbt project "projeto_censo_eleicoes" was created!

For more information on how to configure the profiles.yml file,
please consult the dbt documentation here:

  https://docs.getdbt.com/docs/configure-your-profile

One more thing:

Need help? Don't hesitate to reach out to us via GitHub issues or on Slack:

  https://community.getdbt.com/

Happy modeling!

[0m01:04:06.956813 [info ] [MainThread]: Setting up your profile.
[0m01:06:21.097700 [info ] [MainThread]: Profile projeto_censo_eleicoes written to /workspaces/ProjetoCensoEleicoesBR/profiles.yml using target's profile_template.yml and your supplied values. Run 'dbt debug' to validate the connection.
[0m01:06:21.099124 [debug] [MainThread]: Resource report: {"command_name": "init", "command_success": true, "command_wall_clock_time": 134.25078, "process_in_blocks": "1064", "process_kernel_time": 0.706716, "process_mem_max_rss": "231136", "process_out_blocks": "80", "process_user_time": 2.714815}
[0m01:06:21.099930 [debug] [MainThread]: Command `dbt init` succeeded at 01:06:21.099800 after 134.25 seconds
[0m01:06:21.100384 [debug] [MainThread]: Sending event: {'category': 'dbt', 'action': 'invocation', 'label': 'end', 'context': [<snowplow_tracker.self_describing_json.SelfDescribingJson object at 0x7e0ec0d00dd0>, <snowplow_tracker.self_describing_json.SelfDescribingJson object at 0x7e0ebc3fd4d0>, <snowplow_tracker.self_describing_json.SelfDescribingJson object at 0x7e0ec0ca3450>]}
[0m01:06:21.100849 [debug] [MainThread]: Flushing usage events
[0m01:06:21.191477 [debug] [MainThread]: An error was encountered while trying to flush usage events
[0m01:08:02.948241 [debug] [MainThread]: Sending event: {'category': 'dbt', 'action': 'invocation', 'label': 'start', 'context': [<snowplow_tracker.self_describing_json.SelfDescribingJson object at 0x7238a5d27ed0>, <snowplow_tracker.self_describing_json.SelfDescribingJson object at 0x7238a59b79d0>, <snowplow_tracker.self_describing_json.SelfDescribingJson object at 0x7238a5a13b50>]}


============================== 01:08:02.957399 | bf0a669b-4be6-489c-b56b-9539a4af7fe2 ==============================
[0m01:08:02.957399 [info ] [MainThread]: Running with dbt=1.11.7
[0m01:08:02.958291 [debug] [MainThread]: running dbt with arguments {'log_format': 'default', 'version_check': 'True', 'partial_parse': 'True', 'introspect': 'True', 'profiles_dir': '/workspaces/ProjetoCensoEleicoesBR', 'log_cache_events': 'False', 'write_json': 'True', 'cache_selected_only': 'False', 'debug': 'False', 'no_print': 'None', 'target_path': 'None', 'warn_error_options': 'WarnErrorOptionsV2(error=[], warn=[], silence=[])', 'log_path': 'logs', 'empty': 'None', 'fail_fast': 'False', 'indirect_selection': 'eager', 'use_experimental_parser': 'False', 'printer_width': '80', 'send_anonymous_usage_stats': 'True', 'quiet': 'False', 'warn_error': 'None', 'invocation_command': 'dbt debug', 'use_colors': 'True', 'static_parser': 'True'}
[0m01:08:02.971981 [info ] [MainThread]: dbt version: 1.11.7
[0m01:08:02.972705 [info ] [MainThread]: python version: 3.11.14
[0m01:08:02.973273 [info ] [MainThread]: python path: /usr/local/bin/python3.11
[0m01:08:02.973822 [info ] [MainThread]: os info: Linux-6.8.0-1044-azure-x86_64-with-glibc2.41
[0m01:08:04.398420 [info ] [MainThread]: Using profiles dir at /workspaces/ProjetoCensoEleicoesBR
[0m01:08:04.399383 [info ] [MainThread]: Using profiles.yml file at /workspaces/ProjetoCensoEleicoesBR/profiles.yml
[0m01:08:04.403174 [info ] [MainThread]: Using dbt_project.yml file at /workspaces/ProjetoCensoEleicoesBR/dbt_project.yml
[0m01:08:04.403861 [info ] [MainThread]: Configuration:
[0m01:08:04.404724 [info ] [MainThread]:   profiles.yml file [[31mERROR invalid[0m]
[0m01:08:04.409267 [info ] [MainThread]:   dbt_project.yml file [[31mERROR not found[0m]
[0m01:08:04.411740 [info ] [MainThread]: Required dependencies:
[0m01:08:04.413998 [debug] [MainThread]: Executing "git --help"
[0m01:08:04.426347 [debug] [MainThread]: STDOUT: "b"usage: git [-v | --version] [-h | --help] [-C <path>] [-c <name>=<value>]\n           [--exec-path[=<path>]] [--html-path] [--man-path] [--info-path]\n           [-p | --paginate | -P | --no-pager] [--no-replace-objects] [--no-lazy-fetch]\n           [--no-optional-locks] [--no-advice] [--bare] [--git-dir=<path>]\n           [--work-tree=<path>] [--namespace=<name>] [--config-env=<name>=<envvar>]\n           <command> [<args>]\n\nThese are common Git commands used in various situations:\n\nstart a working area (see also: git help tutorial)\n   clone      Clone a repository into a new directory\n   init       Create an empty Git repository or reinitialize an existing one\n\nwork on the current change (see also: git help everyday)\n   add        Add file contents to the index\n   mv         Move or rename a file, a directory, or a symlink\n   restore    Restore working tree files\n   rm         Remove files from the working tree and from the index\n\nexamine the history and state (see also: git help revisions)\n   bisect     Use binary search to find the commit that introduced a bug\n   diff       Show changes between commits, commit and working tree, etc\n   grep       Print lines matching a pattern\n   log        Show commit logs\n   show       Show various types of objects\n   status     Show the working tree status\n\ngrow, mark and tweak your common history\n   backfill   Download missing objects in a partial clone\n   branch     List, create, or delete branches\n   commit     Record changes to the repository\n   merge      Join two or more development histories together\n   rebase     Reapply commits on top of another base tip\n   reset      Reset current HEAD to the specified state\n   switch     Switch branches\n   tag        Create, list, delete or verify tags\n\ncollaborate (see also: git help workflows)\n   fetch      Download objects and refs from another repository\n   pull       Fetch from and integrate with another repository or a local branch\n   push       Update remote refs along with associated objects\n\n'git help -a' and 'git help -g' list available subcommands and some\nconcept guides. See 'git help <command>' or 'git help <concept>'\nto read about a specific subcommand or concept.\nSee 'git help git' for an overview of the system.\n""
[0m01:08:04.427114 [debug] [MainThread]: STDERR: "b''"
[0m01:08:04.427588 [info ] [MainThread]:  - git [[32mOK found[0m]

[0m01:08:04.430994 [info ] [MainThread]: Connection test skipped since no profile was found
[0m01:08:04.431641 [info ] [MainThread]: [31m2 checks failed:[0m
[0m01:08:04.432331 [info ] [MainThread]: Could not load dbt_project.yml
Profile loading failed for the following reason:
Runtime Error
  Credentials in profile "projeto_censo_eleicoes", target "dev" invalid: '{\n  "type": "service_account",\n  "project_id": "genericproject2023",\n  "private_key_id": "34defbc01716f68e5b498752a4d2a7951c815e6b",\n  "private_key": "-----BEGIN PRIVATE KEY-----\\nMIIEvAIBADANBgkqhkiG9w0BAQEFAASCBKYwggSiAgEAAoIBAQDqd1v4585HNAE+\\nJboo0DENQ28nI1ceupE0STWeGxqDFjPXwPOQKG3/sp48A87xMsuwYDaBZzQmvCUC\\n+/Yx/OYlM4aV2p4ZQ8CqhRscreWMh9bhyeN8a/OmoagT8jrGK07VO7oFMy+4vdz5\\nl9MO8A4V77CkV1lKbJ9zDNHZoe86WX5lQir9qKlRNZvdHQCv0aVScN1hDnquFfTx\\nxW2rxHQHufdCxpxX3SByw1qQvOKyFDUgltWrEj8LKakZGkTjrrFqkhl1VU2Je/GE\\nP+G4a5EE4LgbW33R841rF5Bc8W3vMiTonT/q1bF8Oe4nBFfuUaxX09J5xSzUFYLc\\nRX1AJyLBAgMBAAECggEAJoTw8nGswSRhTuM2U/WuFVJ+jJTA/46hg9BCM4Ua5C3N\\n2xR7PzPxLFidJ9ltUlFoxsNruPMqTXHL99NKlVhJvBNcuTpHDnoDyU/gTiQgieeY\\nLRR0n9CBYR7+RLafIsbjJuNu0mNgI+7nQocHmNTlz4NHBxzFkdVKFcXlpOY2beSM\\n/PbdbBQciMSsoEHkjr1T2WGgvMkhaZo4tVH0X3cA3gBb61S92AOW1zMje2lI+Q/A\\ncLOmAiWxNbHZc4VJxkjO5YDVmfYTPlddFH4jFNWweuHYzmoqDF+T/eGf5TuoaJjP\\ng+G+TXkMYA/8OZw9uw3dk4j/DalW8tyCTOpz2JQ45QKBgQD5VpbUqObT6idej8lu\\n7xCvH2DDrva8lu4yQCL/XxDrdDcX7TL6kua+9hKWFMfbeyJeC4URZwqtm4MtQtlg\\n4OgnRrzxb/p8ys1YL4DxRIPDvihWgCOPn2vMYb4AdYA9Fdh+aLHJZB7D9XJCWpxE\\n1HUHI/8HTcGOiPdxbHEPK+1y1QKBgQDwuwylnE6YnSMeO7OMmiMIjN5qa5pyB04I\\nsS3J5WfNVsMEuA0FT682y3IwNdIgXkjAKx1LIJRRo7JSN/J0nUOXBo1FMzXTWC7l\\nIp51UBXHZtK7xiX8V//rd6XtTZqzsXcVYnjM6JV3KA5b41D/OPKqY2CbDjxxSO/a\\nldZNWW6uPQKBgECOMq8Mq/biAR9yiuy16NPug9cmTau2SCWqhWUo7/CGPl1rhG9r\\n6WI3w8gnyTcCQnum7+T5kMIyKVxmmnGCyZihr/myzF/TAid65R+SZasgaME8m/hr\\nhjV8eP0VbwZhyZOw95b03SJPQi3718naWBJpN3Zko2CMBcTQFtWewfOhAoGARBRC\\nAVvxBkv6MISlxG+a1MIx7Fq99N2H/gFNd7l+351Xza/XTtc4MADdLDEsWacQX/hR\\ncnumNmha99GGqeAHy2A494cCA+D+ciKWOYsKfbfghOYGvBSO9aKCtFesFoFrsgqF\\nKz3jdy1G0km5EFSkm/c6zN77zPXZjzGsx3cxS+kCgYAS6ZpEjSYlbH4USysF1uBq\\nR19g4O1je2TfC2lqQWtNcqYcCvR7//rOI1GFOqsn+l5GXdH4vO9iiDCC3Hk4bRlL\\nBJZgAwuMv+qWJKOYRPoGt/fd5qxqlZvNVWVeZFzJAFQLUrwi7F2a/p9zGhYrGd9t\\nURBK3eP3AEu7XLZxo5oAPQ==\\n-----END PRIVATE KEY-----\\n",\n  "client_email": "dbt-bigquery-sa@genericproject2023.iam.gserviceaccount.com",\n  "client_id": "112740774111671341660",\n  "auth_uri": "https://accounts.google.com/o/oauth2/auth",\n  "token_uri": "https://oauth2.googleapis.com/token",\n  "auth_provider_x509_cert_url": "https://www.googleapis.com/oauth2/v1/certs",\n  "client_x509_cert_url": "https://www.googleapis.com/robot/v1/metadata/x509/dbt-bigquery-sa%40genericproject2023.iam.gserviceaccount.com",\n  "universe_domain": "googleapis.com"\n}' is not valid under any of the given schemas


[0m01:08:04.433748 [info ] [MainThread]: Project loading failed for the following reason:
 project path </workspaces/ProjetoCensoEleicoesBR/dbt_project.yml> not found

[0m01:08:04.439339 [debug] [MainThread]: Resource report: {"command_name": "debug", "command_success": false, "command_wall_clock_time": 1.5456519, "process_in_blocks": "64", "process_kernel_time": 0.616237, "process_mem_max_rss": "230796", "process_out_blocks": "32", "process_user_time": 2.614103}
[0m01:08:04.440928 [debug] [MainThread]: Command `dbt debug` failed at 01:08:04.440748 after 1.55 seconds
[0m01:08:04.446674 [debug] [MainThread]: Sending event: {'category': 'dbt', 'action': 'invocation', 'label': 'end', 'context': [<snowplow_tracker.self_describing_json.SelfDescribingJson object at 0x7238a599bad0>, <snowplow_tracker.self_describing_json.SelfDescribingJson object at 0x7238aa1f0490>, <snowplow_tracker.self_describing_json.SelfDescribingJson object at 0x7238a5e328d0>]}
[0m01:08:04.447482 [debug] [MainThread]: Flushing usage events
[0m01:08:04.545716 [debug] [MainThread]: An error was encountered while trying to flush usage events
